<?xml version="1.0" encoding="UTF-8"?>
<!-- Generated by org.testng.reporters.JUnitReportReporter -->
<testsuite hostname="RHARISHs-MacBook-Air.local" failures="0" tests="2" name="TestNg.Parameter" time="0.021" errors="0" timestamp="2022-11-10T11:20:07 IST" skipped="0">
  <testcase classname="TestNg.Parameter" name="hari" time="0.003"/>
  <system-out/>
  <testcase classname="TestNg.Parameter" name="happy" time="0.018"/>
  <system-out/>
</testsuite> <!-- TestNg.Parameter -->
