<?xml version="1.0" encoding="UTF-8"?>
<!-- Generated by org.testng.reporters.JUnitReportReporter -->
<testsuite hostname="RHARISHs-MacBook-Air.local" failures="0" tests="8" name="TestNg.TestNg" time="17.196" errors="0" timestamp="2022-11-09T18:15:32 IST" skipped="3">
  <testcase classname="TestNg.TestNg" name="browserLaunch" time="4.182"/>
  <system-out/>
  <testcase classname="TestNg.TestNg" name="userName" time="0.147"/>
  <system-out/>
  <testcase classname="TestNg.TestNg" name="getText" time="3.055"/>
  <system-out/>
  <testcase classname="TestNg.TestNg" name="logIn" time="5.093"/>
  <system-out/>
  <testcase classname="TestNg.TestNg" name="navigateBack" time="4.719"/>
  <system-out/>
  <testcase classname="TestNg.TestNg" name="checkBox">
    <skipped/>
  </testcase> <!-- checkBox -->
  <system-out/>
  <testcase classname="TestNg.TestNg" name="takeScreenshot">
    <skipped/>
  </testcase> <!-- takeScreenshot -->
  <system-out/>
  <testcase classname="TestNg.TestNg" name="radioButton">
    <skipped/>
  </testcase> <!-- radioButton -->
  <system-out/>
</testsuite> <!-- TestNg.TestNg -->
