<?xml version="1.0" encoding="UTF-8"?>
<!-- Generated by org.testng.reporters.JUnitReportReporter -->
<testsuite hostname="RHARISHs-MacBook-Air.local" failures="0" tests="2" name="TestNg.puvi" time="0.033" errors="0" timestamp="2022-11-11T10:09:28 IST" skipped="0">
  <testcase classname="TestNg.puvi" name="para" time="0.016"/>
  <system-out/>
  <testcase classname="TestNg.puvi" name="child1" time="0.017"/>
  <system-out/>
</testsuite> <!-- TestNg.puvi -->
