<?xml version="1.0" encoding="UTF-8"?>
<!-- Generated by org.testng.reporters.JUnitReportReporter -->
<testsuite hostname="RHARISHs-MacBook-Air.local" failures="0" tests="3" name="TestNg.Puvidata" time="0.030" errors="0" timestamp="2022-11-11T10:26:51 IST" skipped="0">
  <testcase classname="TestNg.Puvidata" name="puvi" time="0.008"/>
  <system-out/>
  <testcase classname="TestNg.Puvidata" name="puvi" time="0.003"/>
  <system-out/>
  <testcase classname="TestNg.Puvidata" name="puvi" time="0.019"/>
  <system-out/>
</testsuite> <!-- TestNg.Puvidata -->
