<?xml version="1.0" encoding="UTF-8"?>
<!-- Generated by org.testng.reporters.JUnitReportReporter -->
<testsuite hostname="RHARISHs-MacBook-Air.local" failures="0" tests="2" name="TestNg.DataProvider0" time="0.020" errors="0" timestamp="2022-11-11T10:21:43 IST" skipped="0">
  <testcase classname="TestNg.DataProvider0" name="dataprovider1" time="0.004"/>
  <system-out/>
  <testcase classname="TestNg.DataProvider0" name="dataprovider1" time="0.016"/>
  <system-out/>
</testsuite> <!-- TestNg.DataProvider0 -->
